<?xml version="1.0" encoding="UTF-8"?>
<!-- Generated by org.testng.reporters.JUnitReportReporter -->
<testsuite hostname="INLEN8520087472" failures="0" tests="1" name="Base.Base" time="40.772" errors="0" timestamp="2023-01-09T17:47:27 IST" skipped="0">
  <testcase classname="Base.Base" name="TestCase2" time="40.772"/>
  <system-out/>
</testsuite> <!-- Base.Base -->
